<?xml version="1.0" encoding="UTF-8" ?>
<testsuite failures="0" time="0.399" errors="0" skipped="0" tests="1" name="org.jooq.test.util.maven.TestGeneratedSources">
  <properties>
    <property name="java.runtime.name" value="Java(TM) SE Runtime Environment"/>
    <property name="sun.boot.library.path" value="C:\Program Files\Java\jdk1.6.0_24\jre\bin"/>
    <property name="java.vm.version" value="19.1-b02"/>
    <property name="java.vm.vendor" value="Sun Microsystems Inc."/>
    <property name="java.vendor.url" value="http://java.sun.com/"/>
    <property name="path.separator" value=";"/>
    <property name="java.vm.name" value="Java HotSpot(TM) 64-Bit Server VM"/>
    <property name="file.encoding.pkg" value="sun.io"/>
    <property name="user.country" value="CH"/>
    <property name="sun.java.launcher" value="SUN_STANDARD"/>
    <property name="sun.os.patch.level" value=""/>
    <property name="java.vm.specification.name" value="Java Virtual Machine Specification"/>
    <property name="user.dir" value="C:\Users\lukas\workspace\jOOQ-codegen-maven-example"/>
    <property name="java.runtime.version" value="1.6.0_24-b07"/>
    <property name="java.awt.graphicsenv" value="sun.awt.Win32GraphicsEnvironment"/>
    <property name="basedir" value="C:\Users\lukas\workspace\jOOQ-codegen-maven-example"/>
    <property name="java.endorsed.dirs" value="C:\Program Files\Java\jdk1.6.0_24\jre\lib\endorsed"/>
    <property name="os.arch" value="amd64"/>
    <property name="surefire.real.class.path" value="C:\Users\lukas\workspace\jOOQ-codegen-maven-example\target\surefire\surefirebooter2951126957231787247.jar"/>
    <property name="java.io.tmpdir" value="C:\Users\lukas\AppData\Local\Temp\"/>
    <property name="line.separator" value="
"/>
    <property name="java.vm.specification.vendor" value="Sun Microsystems Inc."/>
    <property name="user.variant" value=""/>
    <property name="os.name" value="Windows 7"/>
    <property name="sun.jnu.encoding" value="Cp1252"/>
    <property name="java.library.path" value="C:\Program Files\Java\jdk1.6.0_24\jre\bin;.;C:\Windows\Sun\Java\bin;C:\Windows\system32;C:\Windows;C:/Program Files/Java/jdk1.6.0_24/bin/../jre/bin/server;C:/Program Files/Java/jdk1.6.0_24/bin/../jre/bin;C:/Program Files/Java/jdk1.6.0_24/bin/../jre/lib/amd64;C:\SybaseASE\ASE-15_0\jobscheduler\bin;C:\SybaseASE\ASE-15_0\dll;C:\SybaseASE\ASE-15_0\bin;C:\SybaseASE\DBISQL\bin;C:\SybaseASE\DataAccess64\ADONET\dll;C:\SybaseASE\DataAccess\ADONET\dll;C:\SybaseASE\DataAccess64\ODBC\dll;C:\SybaseASE\DataAccess\ODBC\dll;C:\SybaseASE\UAF-2_5\bin;C:\SybaseASE\OCS-15_0\lib3p64;C:\SybaseASE\OCS-15_0\lib3p;C:\SybaseASE\OCS-15_0\dll;C:\SybaseASE\OCS-15_0\bin;C:\Program Files\Ingres\IngresII\ingres\bin;C:\Program Files\Ingres\IngresII\ingres\utility;c:\oraclexe\app\oracle\product\10.2.0\server\bin;C:\Program Files\Common Files\microsoft shared\windows live;C:\Windows\system32;C:\Windows;C:\Windows\system32\wbem;C:\Windows\system32\windowspowershell\v1.0\;c:\program files (x86)\common files\ulead systems\mpeg;c:\program files (x86)\ati technologies\ati.ace\core-static;c:\program files\broadcom\broadcom 802.11\driver;c:\program files\widcomm\bluetooth software\;c:\program files\widcomm\bluetooth software\syswow64;c:\program files\ibm\gsk8\lib64;C:\PROGRA~1\IBM\SQLLIB\BIN;C:\PROGRA~1\IBM\SQLLIB\FUNCTION;C:\PROGRA~1\IBM\SQLLIB\SAMPLES\REPL;c:\Program Files (x86)\Microsoft SQL Server\100\Tools\Binn\;c:\Program Files\Microsoft SQL Server\100\Tools\Binn\;c:\Program Files\Microsoft SQL Server\100\DTS\Binn\;c:\Program Files (x86)\Microsoft SQL Server\100\Tools\Binn\VSShell\Common7\IDE\;c:\Program Files (x86)\Microsoft Visual Studio 9.0\Common7\IDE\PrivateAssemblies\;c:\Program Files (x86)\Microsoft SQL Server\100\DTS\Binn\;C:\Program Files (x86)\QuickTime\QTSystem\;C:\Program Files\SQL Anywhere 12\bin64;C:\Program Files\SQL Anywhere 12\bin32;C:\Program Files\Java\jdk1.6.0_24\bin;C:\apache-maven-3.0.3;C:\apache-maven-3.0.3\bin;C:\Program Files (x86)\OpenVPN\bin;C:\Program Files (x86)\GNU\GnuPG;C:\eclipse;"/>
    <property name="surefire.test.class.path" value="C:\Users\lukas\workspace\jOOQ-codegen-maven-example\target\test-classes;C:\Users\lukas\workspace\jOOQ-codegen-maven-example\target\classes;C:\Users\lukas\.m2\repository\org\jooq\jooq\1.6.7-SNAPSHOT\jooq-1.6.7-SNAPSHOT.jar;C:\Users\lukas\.m2\repository\junit\junit\4.9\junit-4.9.jar;C:\Users\lukas\.m2\repository\org\hamcrest\hamcrest-core\1.1\hamcrest-core-1.1.jar;C:\Users\lukas\.m2\repository\postgresql\postgresql\9.0-801.jdbc4\postgresql-9.0-801.jdbc4.jar;"/>
    <property name="java.specification.name" value="Java Platform API Specification"/>
    <property name="java.class.version" value="50.0"/>
    <property name="sun.management.compiler" value="HotSpot 64-Bit Server Compiler"/>
    <property name="os.version" value="6.1"/>
    <property name="user.home" value="C:\Users\lukas"/>
    <property name="user.timezone" value="Europe/Berlin"/>
    <property name="java.awt.printerjob" value="sun.awt.windows.WPrinterJob"/>
    <property name="java.specification.version" value="1.6"/>
    <property name="file.encoding" value="Cp1252"/>
    <property name="user.name" value="lukas"/>
    <property name="java.class.path" value="C:\Users\lukas\workspace\jOOQ-codegen-maven-example\target\test-classes;C:\Users\lukas\workspace\jOOQ-codegen-maven-example\target\classes;C:\Users\lukas\.m2\repository\org\jooq\jooq\1.6.7-SNAPSHOT\jooq-1.6.7-SNAPSHOT.jar;C:\Users\lukas\.m2\repository\junit\junit\4.9\junit-4.9.jar;C:\Users\lukas\.m2\repository\org\hamcrest\hamcrest-core\1.1\hamcrest-core-1.1.jar;C:\Users\lukas\.m2\repository\postgresql\postgresql\9.0-801.jdbc4\postgresql-9.0-801.jdbc4.jar;"/>
    <property name="java.vm.specification.version" value="1.0"/>
    <property name="sun.arch.data.model" value="64"/>
    <property name="java.home" value="C:\Program Files\Java\jdk1.6.0_24\jre"/>
    <property name="java.specification.vendor" value="Sun Microsystems Inc."/>
    <property name="user.language" value="de"/>
    <property name="awt.toolkit" value="sun.awt.windows.WToolkit"/>
    <property name="java.vm.info" value="mixed mode"/>
    <property name="java.version" value="1.6.0_24"/>
    <property name="java.ext.dirs" value="C:\Program Files\Java\jdk1.6.0_24\jre\lib\ext;C:\Windows\Sun\Java\lib\ext"/>
    <property name="sun.boot.class.path" value="C:\Program Files\Java\jdk1.6.0_24\jre\lib\resources.jar;C:\Program Files\Java\jdk1.6.0_24\jre\lib\rt.jar;C:\Program Files\Java\jdk1.6.0_24\jre\lib\sunrsasign.jar;C:\Program Files\Java\jdk1.6.0_24\jre\lib\jsse.jar;C:\Program Files\Java\jdk1.6.0_24\jre\lib\jce.jar;C:\Program Files\Java\jdk1.6.0_24\jre\lib\charsets.jar;C:\Program Files\Java\jdk1.6.0_24\jre\lib\modules\jdk.boot.jar;C:\Program Files\Java\jdk1.6.0_24\jre\classes"/>
    <property name="java.vendor" value="Sun Microsystems Inc."/>
    <property name="localRepository" value="C:\Users\lukas\.m2\repository"/>
    <property name="file.separator" value="\"/>
    <property name="java.vendor.url.bug" value="http://java.sun.com/cgi-bin/bugreport.cgi"/>
    <property name="sun.cpu.endian" value="little"/>
    <property name="sun.io.unicode.encoding" value="UnicodeLittle"/>
    <property name="sun.desktop" value="windows"/>
    <property name="sun.cpu.isalist" value="amd64"/>
  </properties>
  <testcase time="0.356" classname="org.jooq.test.util.maven.TestGeneratedSources" name="run"/>
</testsuite>